<?xml version="1.0" encoding="UTF-8"?>
<testsuite xmlns:xsi="http://www.w3.org/2001/XMLSchema-instance" xsi:noNamespaceSchemaLocation="https://maven.apache.org/surefire/maven-surefire-plugin/xsd/surefire-test-report-3.0.xsd" version="3.0" name="com.mq.learning.jms.JmsApplicationTests" time="13.661" tests="1" errors="0" skipped="0" failures="0">
  <properties>
[...]
</properties>
  <testcase name="contextLoads" classname="com.mq.learning.jms.JmsApplicationTests" time="8.925">
    <system-out><![CDATA[15:20:46.607 [main] INFO org.springframework.test.context.support.AnnotationConfigContextLoaderUtils -- Could not detect default configuration classes for test class [com.mq.learning.jms.JmsApplicationTests]: JmsApplicationTests does not declare any static, non-private, non-final, nested classes annotated with @Configuration.
15:20:46.790 [main] INFO org.springframework.boot.test.context.SpringBootTestContextBootstrapper -- Found @SpringBootConfiguration com.mq.learning.jms.JmsApplication for test class com.mq.learning.jms.JmsApplicationTests
15:20:47.123 [main] INFO org.springframework.boot.devtools.restart.RestartApplicationListener -- Restart disabled due to context in which it is running

  .   ____          _            __ _ _
 /\\ / ___'_ __ _ _(_)_ __  __ _ \ \ \ \
( ( )\___ | '_ | '_| | '_ \/ _` | \ \ \ \
 \\/  ___)| |_)| | | | | || (_| |  ) ) ) )
  '  |____| .__|_| |_|_| |_\__, | / / / /
 =========|_|==============|___/=/_/_/_/
 :: Spring Boot ::                (v3.2.5)

2026-05-04T15:20:47.525+05:30  INFO 27140 --- [jms] [           main] c.mq.learning.jms.JmsApplicationTests    : Starting JmsApplicationTests using Java 17.0.6 with PID 27140 (started by sudhakar chaurasia in C:\Learning\jms\jms)
2026-05-04T15:20:47.527+05:30  INFO 27140 --- [jms] [           main] c.mq.learning.jms.JmsApplicationTests    : No active profile set, falling back to 1 default profile: "default"
2026-05-04T15:20:51.026+05:30  INFO 27140 --- [jms] [           main] c.mq.learning.jms.JmsApplicationTests    : Started JmsApplicationTests in 3.921 seconds (process running for 5.932)
]]></system-out>
  </testcase>
</testsuite>